💿 Assembling GCP-Optimized Reproducible Image Stack...
🔨 Formatting EFI System Partition (FAT32)...
mkfs.fat 4.2 (2021-01-31)
📦 Populating ESP via mtools...
Copying BOOTX64.EFI
Copying grubx64.efi
Copying vmlinuz
Copying initrd.img
Copying grub.cfg
🔄 Normalizing ESP: extract → sort → rebuild...
mkfs.fat 4.2 (2021-01-31)
Copying BOOTX64.EFI
Copying grubx64.efi
Copying grub.cfg
Copying initrd.img
Copying vmlinuz
🏗️  Constructing GPT disk with fixed UUIDs using sgdisk...
🔍 Final normalization of RAW disk...
🔄 Converting to QCOW2...
📦 Packaging to disk.tar.gz (deterministic)...

✅ Synthesis Complete.
b6af4f87a1a177c212e799c5039f649628db550ddeee7b62feec6672fb8eda66  disk.raw
9df4dd8787f5e85ae47f7ec7375624cc113063f53acb0cac241124fe055d7653  disk.tar.gz
185b92f1e808cc5ef0193732b6c5532f4ea9ac337ddc0ddb0a171bb6537f4adc  paypal-auth-vm-gcp.qcow2
